<?xml version="1.0" encoding="UTF-8"?>
<coverage generated="1708238438306" clover="3.2.0">
  <project timestamp="1708238438306" name="All files">
    <metrics statements="0" coveredstatements="0" conditionals="0" coveredconditionals="0" methods="0" coveredmethods="0" elements="0" coveredelements="0" complexity="0" loc="0" ncloc="0" packages="1" files="1" classes="1"/>
    <file name="main.js" path="/Users/lungamalinga/Desktop/Developer/testingInJs/main.js">
      <metrics statements="0" coveredstatements="0" conditionals="0" coveredconditionals="0" methods="0" coveredmethods="0"/>
    </file>
  </project>
</coverage>
